<?xml version="1.0" encoding="UTF-8"?>
<!-- Generated by org.testng.reporters.JUnitReportReporter -->
<testsuite hostname="DESKTOP-2UUM498" failures="0" tests="3" name="RunnerClass.TestRunClass" time="5.615" errors="0" timestamp="2024-01-18T00:04:43 GMT-08:00" skipped="0">
  <testcase classname="RunnerClass.TestRunClass" name="runScenario" time="2.306"/>
  <system-out/>
  <testcase classname="RunnerClass.TestRunClass" name="runScenario" time="1.720"/>
  <system-out/>
  <testcase classname="RunnerClass.TestRunClass" name="runScenario" time="1.589"/>
  <system-out/>
</testsuite> <!-- RunnerClass.TestRunClass -->
